<?xml version="1.0" encoding="UTF-8"?>
<!-- Generated by org.testng.reporters.JUnitReportReporter -->
<testsuite hostname="LAPTOP-QEKB9P62" failures="0" tests="1" name="testscript.LoginTest" time="5.499" errors="0" timestamp="2024-10-10T19:27:22 GST" skipped="0">
  <testcase classname="testscript.LoginTest" name="verifyUserIsUnableToLoginWithInvalidPasswordAndValidUserName" time="5.499"/>
  <system-out/>
</testsuite> <!-- testscript.LoginTest -->
