<?xml version="1.0" encoding="UTF-8"?>
<!-- Generated by org.testng.reporters.JUnitReportReporter -->
<testsuite hostname="LAPTOP-QEKB9P62" failures="0" tests="1" name="testscript.AdminUsersSearchTest" time="6.260" errors="0" timestamp="2024-10-15T15:46:43 GST" skipped="0">
  <testcase classname="testscript.AdminUsersSearchTest" name="verifySearchingAnExistingUserAndTypeCombination" time="6.260"/>
  <system-out/>
</testsuite> <!-- testscript.AdminUsersSearchTest -->
