<?xml version="1.0" encoding="UTF-8"?>
<!-- Generated by org.testng.reporters.JUnitReportReporter -->
<testsuite hostname="LAPTOP-QEKB9P62" failures="0" tests="1" name="testscript.SubCategoryDeleteTest" time="4.257" errors="0" timestamp="2024-10-17T13:00:38 GST" skipped="0">
  <testcase classname="testscript.SubCategoryDeleteTest" name="verifyDeletingAnExistingSubCategory" time="4.257"/>
  <system-out/>
</testsuite> <!-- testscript.SubCategoryDeleteTest -->
