<?xml version="1.0" encoding="UTF-8"?>
<!-- Generated by org.testng.reporters.JUnitReportReporter -->
<testsuite hostname="LAPTOP-QEKB9P62" failures="0" tests="1" name="testscript.ManageUsersSearchTest" time="5.136" errors="0" timestamp="2024-10-11T20:35:32 GST" skipped="0">
  <testcase classname="testscript.ManageUsersSearchTest" name="verifySearchingAValidNews" time="5.136"/>
  <system-out/>
</testsuite> <!-- testscript.ManageUsersSearchTest -->
