<?xml version="1.0" encoding="UTF-8"?>
<!-- Generated by org.testng.reporters.JUnitReportReporter -->
<testsuite hostname="LAPTOP-QEKB9P62" failures="0" tests="1" name="testscript.SubCategorySearchItemTest" time="5.629" errors="0" timestamp="2024-10-07T17:35:59 GST" skipped="0">
  <testcase classname="testscript.SubCategorySearchItemTest" name="verifyWhetherAValidSubCategoryIsPresentInTheList" time="5.629"/>
  <system-out/>
</testsuite> <!-- testscript.SubCategorySearchItemTest -->
