<?xml version="1.0" encoding="UTF-8"?>
<!-- Generated by org.testng.reporters.JUnitReportReporter -->
<testsuite hostname="LAPTOP-QEKB9P62" failures="0" tests="1" name="testscript.SubCategoriesAddNewTest" time="6.154" errors="0" timestamp="2024-10-17T13:06:19 GST" skipped="0">
  <testcase classname="testscript.SubCategoriesAddNewTest" name="verifyAddingNewSubCategoryWithValidDetails" time="6.154"/>
  <system-out/>
</testsuite> <!-- testscript.SubCategoriesAddNewTest -->
