<?xml version="1.0" encoding="UTF-8"?>
<!-- Generated by org.testng.reporters.JUnitReportReporter -->
<testsuite hostname="LAPTOP-QEKB9P62" failures="0" tests="1" name="testscript.ManageUseAddTest" time="8.534" errors="0" timestamp="2024-10-03T10:50:37 GST" skipped="0">
  <testcase classname="testscript.ManageUseAddTest" name="verifyAddingNews" time="8.534"/>
  <system-out/>
</testsuite> <!-- testscript.ManageUseAddTest -->
