<?xml version="1.0" encoding="UTF-8"?>
<!-- Generated by org.testng.reporters.JUnitReportReporter -->
<testsuite hostname="LAPTOP-QEKB9P62" failures="0" tests="1" name="testscript.AdminUsersTest" time="4.834" errors="0" timestamp="2024-10-01T12:15:52 GST" skipped="0">
  <testcase classname="testscript.AdminUsersTest" name="verifyAddingANewUser" time="4.834"/>
  <system-out/>
</testsuite> <!-- testscript.AdminUsersTest -->
