<?xml version="1.0" encoding="UTF-8"?>
<!-- Generated by org.testng.reporters.JUnitReportReporter -->
<testsuite hostname="LAPTOP-QEKB9P62" failures="0" tests="1" name="testscript.LoginTest" time="10.901" errors="0" timestamp="2024-10-02T12:17:12 GST" skipped="0">
  <testcase classname="testscript.LoginTest" name="verifyUserIsAbleToLoginUsingValidCredentials" time="10.901"/>
  <system-out/>
</testsuite> <!-- testscript.LoginTest -->
