<?xml version="1.0" encoding="UTF-8"?>
<!-- Generated by org.testng.reporters.JUnitReportReporter -->
<testsuite hostname="LAPTOP-QEKB9P62" failures="0" tests="1" name="testscript.ManageUserResetTest" time="5.700" errors="0" timestamp="2024-10-03T14:58:09 GST" skipped="0">
  <testcase classname="testscript.ManageUserResetTest" name="verifyResetingTheTitle" time="5.700"/>
  <system-out/>
</testsuite> <!-- testscript.ManageUserResetTest -->
