<?xml version="1.0" encoding="UTF-8"?>
<!-- Generated by org.testng.reporters.JUnitReportReporter -->
<testsuite hostname="LAPTOP-QEKB9P62" failures="0" tests="1" name="testscript.AdminUserResetTest" time="6.919" errors="0" timestamp="2024-10-11T21:04:30 GST" skipped="0">
  <testcase classname="testscript.AdminUserResetTest" name="verifyUpdatingUser" time="6.919"/>
  <system-out/>
</testsuite> <!-- testscript.AdminUserResetTest -->
