<?xml version="1.0" encoding="UTF-8"?>
<!-- Generated by org.testng.reporters.JUnitReportReporter -->
<testsuite hostname="LAPTOP-QEKB9P62" failures="0" tests="1" name="testscript.AdminUserResetTest" time="5.259" errors="0" timestamp="2024-10-01T14:13:44 GST" skipped="0">
  <testcase classname="testscript.AdminUserResetTest" name="verifyUpdatingUser" time="5.259"/>
  <system-out/>
</testsuite> <!-- testscript.AdminUserResetTest -->
