<?xml version="1.0" encoding="UTF-8"?>
<!-- Generated by org.testng.reporters.JUnitReportReporter -->
<testsuite hostname="LAPTOP-QEKB9P62" failures="0" tests="1" name="testscript.SubCategoriesAddNewTest" time="5.943" errors="0" timestamp="2024-10-14T13:57:47 GST" skipped="0">
  <testcase classname="testscript.SubCategoriesAddNewTest" name="verifyAddingNewSubCategoryWithValidDetails" time="5.943"/>
  <system-out/>
</testsuite> <!-- testscript.SubCategoriesAddNewTest -->
