<?xml version="1.0" encoding="UTF-8"?>
<!-- Generated by org.testng.reporters.JUnitReportReporter -->
<testsuite hostname="LAPTOP-QEKB9P62" failures="0" tests="1" name="testscript.HomeTest" time="3.962" errors="0" timestamp="2024-09-30T20:04:39 GST" skipped="0">
  <testcase classname="testscript.HomeTest" name="verifyIsUserAbleToLogOut" time="3.962"/>
  <system-out/>
</testsuite> <!-- testscript.HomeTest -->
