<?xml version="1.0" encoding="UTF-8"?>
<!-- Generated by org.testng.reporters.JUnitReportReporter -->
<testsuite hostname="LAPTOP-QEKB9P62" failures="0" tests="1" name="testscript.SubCategoryDeleteTest" time="5.492" errors="0" timestamp="2024-10-07T17:41:14 GST" skipped="0">
  <testcase classname="testscript.SubCategoryDeleteTest" name="verifyDeletingAnExistingsubCategory" time="5.492"/>
  <system-out/>
</testsuite> <!-- testscript.SubCategoryDeleteTest -->
