<?xml version="1.0" encoding="UTF-8"?>
<!-- Generated by org.testng.reporters.JUnitReportReporter -->
<testsuite hostname="LAPTOP-QEKB9P62" failures="0" tests="1" name="testscript.AdminUserResetTest" time="7.346" errors="0" timestamp="2024-10-17T23:29:55 GST" skipped="0">
  <testcase classname="testscript.AdminUserResetTest" name="verifyUpdatingUser" time="7.346"/>
  <system-out/>
</testsuite> <!-- testscript.AdminUserResetTest -->
