<?xml version="1.0" encoding="UTF-8"?>
<!-- Generated by org.testng.reporters.JUnitReportReporter -->
<testsuite hostname="LAPTOP-QEKB9P62" failures="0" tests="4" name="testscript.LoginTest" time="14.185" errors="0" timestamp="2024-09-27T13:33:54 GST" skipped="0">
  <testcase classname="testscript.LoginTest" name="verifyUserIsUnableToLoginWithInvalidPasswordAndValidUserName" time="3.052"/>
  <system-out/>
  <testcase classname="testscript.LoginTest" name="verifyUserIsUnableToLoginWithInvalidCredentials" time="2.829"/>
  <system-out/>
  <testcase classname="testscript.LoginTest" name="verifyUserIsUnableToLoginWithValidPasswordAndInalidUserName" time="4.869"/>
  <system-out/>
  <testcase classname="testscript.LoginTest" name="verifyUserIsAbleToLoginUsingValidCredentials" time="3.435"/>
  <system-out/>
</testsuite> <!-- testscript.LoginTest -->
