<?xml version="1.0" encoding="UTF-8"?>
<!-- Generated by org.testng.reporters.JUnitReportReporter -->
<testsuite hostname="LAPTOP-QEKB9P62" failures="0" tests="1" name="testscript.AdminUsersSearchTest" time="5.384" errors="0" timestamp="2024-10-01T16:34:30 GST" skipped="0">
  <testcase classname="testscript.AdminUsersSearchTest" name="verifySearchingAnExistingUserAndTypeCombination" time="5.384"/>
  <system-out/>
</testsuite> <!-- testscript.AdminUsersSearchTest -->
